elbread.dll ver. 1.0.5.365 Tue Jun 21 12:23:18 2022


---------------------------------
Entity   | Architecture | Library
---------------------------------
agenda   | agenda       | agenda
nummin   | nummin       | agenda
numore   | numore       | agenda
numzile  | numzile      | agenda
numan    | numan        | agenda
alarma   | alarma       | agenda
grade    | grade        | agenda
---------------------------------

-----------------------------
Package             | Library
-----------------------------
standard            | std
std_logic_1164      | ieee
std_logic_arith     | ieee
std_logic_unsigned  | ieee
-----------------------------
