
*** Running vivado
    with args -log lab2.vds -m64 -product Vivado -mode batch -messageDb vivado.pb -notrace -source lab2.tcl


****** Vivado v2016.4 (64-bit)
  **** SW Build 1756540 on Mon Jan 23 19:11:23 MST 2017
  **** IP Build 1755317 on Mon Jan 23 20:30:07 MST 2017
    ** Copyright 1986-2016 Xilinx, Inc. All Rights Reserved.

source lab2.tcl -notrace
Command: synth_design -top lab2 -part xc7a35tcpg236-1
Starting synth_design
Attempting to get a license for feature 'Synthesis' and/or device 'xc7a35t'
INFO: [Common 17-349] Got license for feature 'Synthesis' and/or device 'xc7a35t'
INFO: Launching helper process for spawning children vivado processes
INFO: Helper process launched with PID 19452 
---------------------------------------------------------------------------------
Starting RTL Elaboration : Time (s): cpu = 00:00:03 ; elapsed = 00:00:07 . Memory (MB): peak = 282.629 ; gain = 72.402
---------------------------------------------------------------------------------
INFO: [Synth 8-638] synthesizing module 'lab2' [C:/Users/User/Desktop/CTI/AN II/SEM 2/ac/lab2/lab2.srcs/sources_1/new/lab2.vhd:45]
INFO: [Synth 8-3491] module 'MPG' declared at 'C:/Users/User/Desktop/CTI/AN II/SEM 2/ac/lab2/lab2.srcs/sources_1/new/MPG.vhd:37' bound to instance 'M1' of component 'MPG' [C:/Users/User/Desktop/CTI/AN II/SEM 2/ac/lab2/lab2.srcs/sources_1/new/lab2.vhd:77]
INFO: [Synth 8-638] synthesizing module 'MPG' [C:/Users/User/Desktop/CTI/AN II/SEM 2/ac/lab2/lab2.srcs/sources_1/new/MPG.vhd:43]
INFO: [Synth 8-256] done synthesizing module 'MPG' (1#1) [C:/Users/User/Desktop/CTI/AN II/SEM 2/ac/lab2/lab2.srcs/sources_1/new/MPG.vhd:43]
INFO: [Synth 8-3491] module 'SSD' declared at 'C:/Users/User/Desktop/CTI/AN II/SEM 2/ac/lab2/lab2.srcs/sources_1/new/SSD.vhd:36' bound to instance 'SSD1' of component 'SSD' [C:/Users/User/Desktop/CTI/AN II/SEM 2/ac/lab2/lab2.srcs/sources_1/new/lab2.vhd:78]
INFO: [Synth 8-638] synthesizing module 'SSD' [C:/Users/User/Desktop/CTI/AN II/SEM 2/ac/lab2/lab2.srcs/sources_1/new/SSD.vhd:46]
INFO: [Synth 8-256] done synthesizing module 'SSD' (2#1) [C:/Users/User/Desktop/CTI/AN II/SEM 2/ac/lab2/lab2.srcs/sources_1/new/SSD.vhd:46]
INFO: [Synth 8-256] done synthesizing module 'lab2' (3#1) [C:/Users/User/Desktop/CTI/AN II/SEM 2/ac/lab2/lab2.srcs/sources_1/new/lab2.vhd:45]
WARNING: [Synth 8-3331] design lab2 has unconnected port btn[4]
WARNING: [Synth 8-3331] design lab2 has unconnected port btn[3]
WARNING: [Synth 8-3331] design lab2 has unconnected port btn[2]
WARNING: [Synth 8-3331] design lab2 has unconnected port btn[1]
WARNING: [Synth 8-3331] design lab2 has unconnected port sw[15]
WARNING: [Synth 8-3331] design lab2 has unconnected port sw[14]
WARNING: [Synth 8-3331] design lab2 has unconnected port sw[13]
WARNING: [Synth 8-3331] design lab2 has unconnected port sw[12]
WARNING: [Synth 8-3331] design lab2 has unconnected port sw[11]
WARNING: [Synth 8-3331] design lab2 has unconnected port sw[10]
WARNING: [Synth 8-3331] design lab2 has unconnected port sw[9]
WARNING: [Synth 8-3331] design lab2 has unconnected port sw[8]
---------------------------------------------------------------------------------
Finished RTL Elaboration : Time (s): cpu = 00:00:03 ; elapsed = 00:00:08 . Memory (MB): peak = 319.961 ; gain = 109.734
---------------------------------------------------------------------------------

Report Check Netlist: 
+------+------------------+-------+---------+-------+------------------+
|      |Item              |Errors |Warnings |Status |Description       |
+------+------------------+-------+---------+-------+------------------+
|1     |multi_driven_nets |      0|        0|Passed |Multi driven nets |
+------+------------------+-------+---------+-------+------------------+
---------------------------------------------------------------------------------
Finished RTL Optimization Phase 1 : Time (s): cpu = 00:00:03 ; elapsed = 00:00:08 . Memory (MB): peak = 319.961 ; gain = 109.734
---------------------------------------------------------------------------------
INFO: [Device 21-403] Loading part xc7a35tcpg236-1
INFO: [Project 1-570] Preparing netlist for logic optimization

Processing XDC Constraints
Initializing timing engine
Parsing XDC File [C:/Users/User/Desktop/CTI/AN II/SEM 2/ac/lab2/lab2.srcs/constrs_1/new/const.xdc]
Finished Parsing XDC File [C:/Users/User/Desktop/CTI/AN II/SEM 2/ac/lab2/lab2.srcs/constrs_1/new/const.xdc]
INFO: [Project 1-236] Implementation specific constraints were found while reading constraint file [C:/Users/User/Desktop/CTI/AN II/SEM 2/ac/lab2/lab2.srcs/constrs_1/new/const.xdc]. These constraints will be ignored for synthesis but will be used in implementation. Impacted constraints are listed in the file [.Xil/lab2_propImpl.xdc].
Resolution: To avoid this warning, move constraints listed in [.Xil/lab2_propImpl.xdc] to another XDC file and exclude this new file from synthesis with the used_in_synthesis property (File Properties dialog in GUI) and re-run elaboration/synthesis.
Completed Processing XDC Constraints

INFO: [Project 1-111] Unisim Transformation Summary:
No Unisim elements were transformed.

Constraint Validation Runtime : Time (s): cpu = 00:00:00 ; elapsed = 00:00:00.002 . Memory (MB): peak = 603.863 ; gain = 0.000
---------------------------------------------------------------------------------
Finished Constraint Validation : Time (s): cpu = 00:00:08 ; elapsed = 00:00:17 . Memory (MB): peak = 603.863 ; gain = 393.637
---------------------------------------------------------------------------------
---------------------------------------------------------------------------------
Start Loading Part and Timing Information
---------------------------------------------------------------------------------
Loading part: xc7a35tcpg236-1
---------------------------------------------------------------------------------
Finished Loading Part and Timing Information : Time (s): cpu = 00:00:08 ; elapsed = 00:00:17 . Memory (MB): peak = 603.863 ; gain = 393.637
---------------------------------------------------------------------------------
---------------------------------------------------------------------------------
Start Applying 'set_property' XDC Constraints
---------------------------------------------------------------------------------
---------------------------------------------------------------------------------
Finished applying 'set_property' XDC Constraints : Time (s): cpu = 00:00:08 ; elapsed = 00:00:17 . Memory (MB): peak = 603.863 ; gain = 393.637
---------------------------------------------------------------------------------
INFO: [Synth 8-5818] HDL ADVISOR - The operator resource <adder> is shared. To prevent sharing consider applying a KEEP on the output of the operator [C:/Users/User/Desktop/CTI/AN II/SEM 2/ac/lab2/lab2.srcs/sources_1/new/lab2.vhd:78]
---------------------------------------------------------------------------------
Finished RTL Optimization Phase 2 : Time (s): cpu = 00:00:08 ; elapsed = 00:00:17 . Memory (MB): peak = 603.863 ; gain = 393.637
---------------------------------------------------------------------------------

Report RTL Partitions: 
+-+--------------+------------+----------+
| |RTL Partition |Replication |Instances |
+-+--------------+------------+----------+
+-+--------------+------------+----------+
---------------------------------------------------------------------------------
Start RTL Component Statistics 
---------------------------------------------------------------------------------
Detailed RTL Component Info : 
+---Adders : 
	   3 Input     16 Bit       Adders := 1     
	   2 Input      2 Bit       Adders := 1     
+---Registers : 
	                2 Bit    Registers := 1     
	                1 Bit    Registers := 3     
+---Muxes : 
	   4 Input     16 Bit        Muxes := 2     
	   4 Input      4 Bit        Muxes := 2     
---------------------------------------------------------------------------------
Finished RTL Component Statistics 
---------------------------------------------------------------------------------
---------------------------------------------------------------------------------
Start RTL Hierarchical Component Statistics 
---------------------------------------------------------------------------------
Hierarchical RTL Component report 
Module lab2 
Detailed RTL Component Info : 
+---Adders : 
	   3 Input     16 Bit       Adders := 1     
	   2 Input      2 Bit       Adders := 1     
+---Registers : 
	                2 Bit    Registers := 1     
+---Muxes : 
	   4 Input     16 Bit        Muxes := 2     
Module MPG 
Detailed RTL Component Info : 
+---Registers : 
	                1 Bit    Registers := 3     
Module SSD 
Detailed RTL Component Info : 
+---Muxes : 
	   4 Input      4 Bit        Muxes := 2     
---------------------------------------------------------------------------------
Finished RTL Hierarchical Component Statistics
---------------------------------------------------------------------------------
---------------------------------------------------------------------------------
Start Part Resource Summary
---------------------------------------------------------------------------------
Part Resources:
DSPs: 90 (col length:60)
BRAMs: 100 (col length: RAMB18 60 RAMB36 30)
---------------------------------------------------------------------------------
Finished Part Resource Summary
---------------------------------------------------------------------------------
---------------------------------------------------------------------------------
Start Cross Boundary and Area Optimization
---------------------------------------------------------------------------------
WARNING: [Synth 8-3331] design lab2 has unconnected port led[15]
WARNING: [Synth 8-3331] design lab2 has unconnected port led[14]
WARNING: [Synth 8-3331] design lab2 has unconnected port led[13]
WARNING: [Synth 8-3331] design lab2 has unconnected port led[12]
WARNING: [Synth 8-3331] design lab2 has unconnected port led[11]
WARNING: [Synth 8-3331] design lab2 has unconnected port led[10]
WARNING: [Synth 8-3331] design lab2 has unconnected port led[9]
WARNING: [Synth 8-3331] design lab2 has unconnected port led[8]
WARNING: [Synth 8-3331] design lab2 has unconnected port led[6]
WARNING: [Synth 8-3331] design lab2 has unconnected port led[5]
WARNING: [Synth 8-3331] design lab2 has unconnected port led[4]
WARNING: [Synth 8-3331] design lab2 has unconnected port led[3]
WARNING: [Synth 8-3331] design lab2 has unconnected port led[2]
WARNING: [Synth 8-3331] design lab2 has unconnected port led[1]
WARNING: [Synth 8-3331] design lab2 has unconnected port led[0]
WARNING: [Synth 8-3331] design lab2 has unconnected port btn[4]
WARNING: [Synth 8-3331] design lab2 has unconnected port btn[3]
WARNING: [Synth 8-3331] design lab2 has unconnected port btn[2]
WARNING: [Synth 8-3331] design lab2 has unconnected port btn[1]
WARNING: [Synth 8-3331] design lab2 has unconnected port sw[15]
WARNING: [Synth 8-3331] design lab2 has unconnected port sw[14]
WARNING: [Synth 8-3331] design lab2 has unconnected port sw[13]
WARNING: [Synth 8-3331] design lab2 has unconnected port sw[12]
WARNING: [Synth 8-3331] design lab2 has unconnected port sw[11]
WARNING: [Synth 8-3331] design lab2 has unconnected port sw[10]
WARNING: [Synth 8-3331] design lab2 has unconnected port sw[9]
WARNING: [Synth 8-3331] design lab2 has unconnected port sw[8]
WARNING: [Synth 8-3332] Sequential element (M1/count_int_reg[16]) is unused and will be removed from module lab2.
WARNING: [Synth 8-3332] Sequential element (M1/count_int_reg[17]) is unused and will be removed from module lab2.
WARNING: [Synth 8-3332] Sequential element (M1/count_int_reg[18]) is unused and will be removed from module lab2.
WARNING: [Synth 8-3332] Sequential element (M1/count_int_reg[19]) is unused and will be removed from module lab2.
WARNING: [Synth 8-3332] Sequential element (M1/count_int_reg[20]) is unused and will be removed from module lab2.
WARNING: [Synth 8-3332] Sequential element (M1/count_int_reg[21]) is unused and will be removed from module lab2.
WARNING: [Synth 8-3332] Sequential element (M1/count_int_reg[22]) is unused and will be removed from module lab2.
WARNING: [Synth 8-3332] Sequential element (M1/count_int_reg[23]) is unused and will be removed from module lab2.
WARNING: [Synth 8-3332] Sequential element (M1/count_int_reg[24]) is unused and will be removed from module lab2.
WARNING: [Synth 8-3332] Sequential element (M1/count_int_reg[25]) is unused and will be removed from module lab2.
WARNING: [Synth 8-3332] Sequential element (M1/count_int_reg[26]) is unused and will be removed from module lab2.
WARNING: [Synth 8-3332] Sequential element (M1/count_int_reg[27]) is unused and will be removed from module lab2.
WARNING: [Synth 8-3332] Sequential element (M1/count_int_reg[28]) is unused and will be removed from module lab2.
WARNING: [Synth 8-3332] Sequential element (M1/count_int_reg[29]) is unused and will be removed from module lab2.
WARNING: [Synth 8-3332] Sequential element (M1/count_int_reg[30]) is unused and will be removed from module lab2.
WARNING: [Synth 8-3332] Sequential element (M1/count_int_reg[31]) is unused and will be removed from module lab2.
---------------------------------------------------------------------------------
Finished Cross Boundary and Area Optimization : Time (s): cpu = 00:00:08 ; elapsed = 00:00:18 . Memory (MB): peak = 603.863 ; gain = 393.637
---------------------------------------------------------------------------------

Report RTL Partitions: 
+-+--------------+------------+----------+
| |RTL Partition |Replication |Instances |
+-+--------------+------------+----------+
+-+--------------+------------+----------+
---------------------------------------------------------------------------------
Start Timing Optimization
---------------------------------------------------------------------------------
---------------------------------------------------------------------------------
Start Applying XDC Timing Constraints
---------------------------------------------------------------------------------
---------------------------------------------------------------------------------
Finished Applying XDC Timing Constraints : Time (s): cpu = 00:00:14 ; elapsed = 00:00:29 . Memory (MB): peak = 603.863 ; gain = 393.637
---------------------------------------------------------------------------------
---------------------------------------------------------------------------------
Finished Timing Optimization : Time (s): cpu = 00:00:14 ; elapsed = 00:00:29 . Memory (MB): peak = 603.863 ; gain = 393.637
---------------------------------------------------------------------------------

Report RTL Partitions: 
+-+--------------+------------+----------+
| |RTL Partition |Replication |Instances |
+-+--------------+------------+----------+
+-+--------------+------------+----------+
---------------------------------------------------------------------------------
Start Technology Mapping
---------------------------------------------------------------------------------
---------------------------------------------------------------------------------
Finished Technology Mapping : Time (s): cpu = 00:00:14 ; elapsed = 00:00:29 . Memory (MB): peak = 603.863 ; gain = 393.637
---------------------------------------------------------------------------------

Report RTL Partitions: 
+-+--------------+------------+----------+
| |RTL Partition |Replication |Instances |
+-+--------------+------------+----------+
+-+--------------+------------+----------+
---------------------------------------------------------------------------------
Start IO Insertion
---------------------------------------------------------------------------------
---------------------------------------------------------------------------------
Start Flattening Before IO Insertion
---------------------------------------------------------------------------------
---------------------------------------------------------------------------------
Finished Flattening Before IO Insertion
---------------------------------------------------------------------------------
---------------------------------------------------------------------------------
Start Final Netlist Cleanup
---------------------------------------------------------------------------------
---------------------------------------------------------------------------------
Finished Final Netlist Cleanup
---------------------------------------------------------------------------------
---------------------------------------------------------------------------------
Finished IO Insertion : Time (s): cpu = 00:00:14 ; elapsed = 00:00:30 . Memory (MB): peak = 603.863 ; gain = 393.637
---------------------------------------------------------------------------------

Report Check Netlist: 
+------+------------------+-------+---------+-------+------------------+
|      |Item              |Errors |Warnings |Status |Description       |
+------+------------------+-------+---------+-------+------------------+
|1     |multi_driven_nets |      0|        0|Passed |Multi driven nets |
+------+------------------+-------+---------+-------+------------------+
---------------------------------------------------------------------------------
Start Renaming Generated Instances
---------------------------------------------------------------------------------
---------------------------------------------------------------------------------
Finished Renaming Generated Instances : Time (s): cpu = 00:00:14 ; elapsed = 00:00:30 . Memory (MB): peak = 603.863 ; gain = 393.637
---------------------------------------------------------------------------------

Report RTL Partitions: 
+-+--------------+------------+----------+
| |RTL Partition |Replication |Instances |
+-+--------------+------------+----------+
+-+--------------+------------+----------+
---------------------------------------------------------------------------------
Start Rebuilding User Hierarchy
---------------------------------------------------------------------------------
---------------------------------------------------------------------------------
Finished Rebuilding User Hierarchy : Time (s): cpu = 00:00:14 ; elapsed = 00:00:30 . Memory (MB): peak = 603.863 ; gain = 393.637
---------------------------------------------------------------------------------
---------------------------------------------------------------------------------
Start Renaming Generated Ports
---------------------------------------------------------------------------------
---------------------------------------------------------------------------------
Finished Renaming Generated Ports : Time (s): cpu = 00:00:14 ; elapsed = 00:00:30 . Memory (MB): peak = 603.863 ; gain = 393.637
---------------------------------------------------------------------------------
---------------------------------------------------------------------------------
Start Handling Custom Attributes
---------------------------------------------------------------------------------
---------------------------------------------------------------------------------
Finished Handling Custom Attributes : Time (s): cpu = 00:00:14 ; elapsed = 00:00:30 . Memory (MB): peak = 603.863 ; gain = 393.637
---------------------------------------------------------------------------------
---------------------------------------------------------------------------------
Start Renaming Generated Nets
---------------------------------------------------------------------------------
---------------------------------------------------------------------------------
Finished Renaming Generated Nets : Time (s): cpu = 00:00:14 ; elapsed = 00:00:30 . Memory (MB): peak = 603.863 ; gain = 393.637
---------------------------------------------------------------------------------
---------------------------------------------------------------------------------
Start Writing Synthesis Report
---------------------------------------------------------------------------------

Report BlackBoxes: 
+-+--------------+----------+
| |BlackBox name |Instances |
+-+--------------+----------+
+-+--------------+----------+

Report Cell Usage: 
+------+-------+------+
|      |Cell   |Count |
+------+-------+------+
|1     |BUFG   |     1|
|2     |CARRY4 |     8|
|3     |LUT1   |    32|
|4     |LUT2   |     5|
|5     |LUT3   |     6|
|6     |LUT4   |     8|
|7     |LUT5   |     5|
|8     |LUT6   |    23|
|9     |FDRE   |    37|
|10    |IBUF   |    10|
|11    |OBUF   |    12|
|12    |OBUFT  |    15|
+------+-------+------+

Report Instance Areas: 
+------+---------+-------+------+
|      |Instance |Module |Cells |
+------+---------+-------+------+
|1     |top      |       |   162|
|2     |  M1     |MPG    |    45|
|3     |  SSD1   |SSD    |    54|
+------+---------+-------+------+
---------------------------------------------------------------------------------
Finished Writing Synthesis Report : Time (s): cpu = 00:00:14 ; elapsed = 00:00:30 . Memory (MB): peak = 603.863 ; gain = 393.637
---------------------------------------------------------------------------------
Synthesis finished with 0 errors, 0 critical warnings and 43 warnings.
Synthesis Optimization Runtime : Time (s): cpu = 00:00:08 ; elapsed = 00:00:21 . Memory (MB): peak = 603.863 ; gain = 109.734
Synthesis Optimization Complete : Time (s): cpu = 00:00:14 ; elapsed = 00:00:30 . Memory (MB): peak = 603.863 ; gain = 393.637
INFO: [Project 1-571] Translating synthesized netlist
INFO: [Netlist 29-17] Analyzing 18 Unisim elements for replacement
INFO: [Netlist 29-28] Unisim Transformation completed in 0 CPU seconds
INFO: [Project 1-570] Preparing netlist for logic optimization
INFO: [Opt 31-138] Pushed 0 inverter(s) to 0 load pin(s).
INFO: [Project 1-111] Unisim Transformation Summary:
No Unisim elements were transformed.

INFO: [Common 17-83] Releasing license: Synthesis
24 Infos, 55 Warnings, 0 Critical Warnings and 0 Errors encountered.
synth_design completed successfully
synth_design: Time (s): cpu = 00:00:14 ; elapsed = 00:00:28 . Memory (MB): peak = 603.863 ; gain = 393.637
INFO: [Common 17-1381] The checkpoint 'C:/Users/User/Desktop/CTI/AN II/SEM 2/ac/lab2/lab2.runs/synth_1/lab2.dcp' has been generated.
report_utilization: Time (s): cpu = 00:00:00 ; elapsed = 00:00:00.016 . Memory (MB): peak = 603.863 ; gain = 0.000
INFO: [Common 17-206] Exiting Vivado at Thu Mar 16 19:08:24 2023...
